Using pre-set license
Built from '2020.3/staging' branch; Version is '2020.3.8f1 (507919d4fff5) revision 5273881'; Using compiler version '192528614'; Build Type 'Release'
OS: 'Windows 10 Pro for Workstations; OS build 19042.1110; Version 2009; 64bit' Language: 'de' Physical Memory: 16309 MB
BatchMode: 1, IsHumanControllingUs: 0, StartBugReporterOnCrash: 0, Is64bit: 1, IsPro: 0

 COMMAND LINE ARGUMENTS:
C:\Program Files\Unity\Hub\Editor\2020.3.8f1\Editor\Unity.exe
-adb2
-batchMode
-noUpm
-name
AssetImportWorker0
-projectPath
C:/Users/Anwender/Documents/MedienProjekt/PluginProjekt
-logFile
Logs/AssetImportWorker0.log
-srvPort
58598
Successfully changed project path to: C:/Users/Anwender/Documents/MedienProjekt/PluginProjekt
C:/Users/Anwender/Documents/MedienProjekt/PluginProjekt
Using Asset Import Pipeline V2.
Refreshing native plugins compatible for Editor in 74.31 ms, found 0 plugins.
Preloading 0 native plugins for Editor in 0.00 ms.
Initialize engine version: 2020.3.8f1 (507919d4fff5)
[Subsystems] Discovering subsystems at path C:/Program Files/Unity/Hub/Editor/2020.3.8f1/Editor/Data/Resources/UnitySubsystems
[Subsystems] Discovering subsystems at path C:/Users/Anwender/Documents/MedienProjekt/PluginProjekt/Assets
GfxDevice: creating device client; threaded=0
Direct3D:
    Version:  Direct3D 11.0 [level 11.1]
    Renderer: NVIDIA GeForce GTX 1660 SUPER (ID=0x21c4)
    Vendor:   
    VRAM:     5991 MB
    Driver:   27.21.14.6611
Initialize mono
Mono path[0] = 'C:/Program Files/Unity/Hub/Editor/2020.3.8f1/Editor/Data/Managed'
Mono path[1] = 'C:/Program Files/Unity/Hub/Editor/2020.3.8f1/Editor/Data/MonoBleedingEdge/lib/mono/unityjit'
Mono config path = 'C:/Program Files/Unity/Hub/Editor/2020.3.8f1/Editor/Data/MonoBleedingEdge/etc'
Using monoOptions --debugger-agent=transport=dt_socket,embedding=1,server=y,suspend=n,address=127.0.0.1:56032
Begin MonoManager ReloadAssembly
Registering precompiled unity dll's ...
Register platform support module: C:/Program Files/Unity/Hub/Editor/2020.3.8f1/Editor/Data/PlaybackEngines/WebGLSupport/UnityEditor.WebGL.Extensions.dll
Register platform support module: C:/Program Files/Unity/Hub/Editor/2020.3.8f1/Editor/Data/PlaybackEngines/WindowsStandaloneSupport/UnityEditor.WindowsStandalone.Extensions.dll
Registered in 0.002339 seconds.
Native extension for WindowsStandalone target not found
Native extension for WebGL target not found
Refreshing native plugins compatible for Editor in 72.56 ms, found 0 plugins.
Preloading 0 native plugins for Editor in 0.00 ms.
Mono: successfully reloaded assembly
- Completed reload, in  1.009 seconds
Platform modules already initialized, skipping
Registering precompiled user dll's ...
Registered in 0.001742 seconds.
Begin MonoManager ReloadAssembly
Native extension for WindowsStandalone target not found
Native extension for WebGL target not found
Refreshing native plugins compatible for Editor in 78.54 ms, found 0 plugins.
Preloading 0 native plugins for Editor in 0.00 ms.
Mono: successfully reloaded assembly
- Completed reload, in  1.116 seconds
Platform modules already initialized, skipping
========================================================================
Worker process is ready to serve import requests
Launched and connected shader compiler UnityShaderCompiler.exe after 0.04 seconds
Refreshing native plugins compatible for Editor in 0.71 ms, found 0 plugins.
Preloading 0 native plugins for Editor in 0.00 ms.
Unloading 3982 Unused Serialized files (Serialized files now loaded: 0)
System memory in use before: 185.9 MB.
System memory in use after: 183.0 MB.

Unloading 46 unused Assets to reduce memory usage. Loaded Objects now: 4399.
Total: 4.168200 ms (FindLiveObjects: 0.419500 ms CreateObjectMapping: 0.095300 ms MarkObjects: 2.152500 ms  DeleteObjects: 1.500000 ms)

========================================================================
Received Import Request.
  path: Assets/ScriptableAIGraph/ExampleScene/Enemy/EnemyBehaviour.asset
  artifactKey: Guid(cc678e0ede0d8214cb0ff7e0dd9353fc) Importer(815301076,1909f56bfc062723c751e8b465ee728b)
Start importing Assets/ScriptableAIGraph/ExampleScene/Enemy/EnemyBehaviour.asset using Guid(cc678e0ede0d8214cb0ff7e0dd9353fc) Importer(815301076,1909f56bfc062723c751e8b465ee728b)  -> (artifact id: '00103ecca9a4e33b1eb4f3f63319ea0f') in 0.032386 seconds
  Import took 0.037469 seconds .

========================================================================
Received Import Request.
  Time since last request: 1.376745 seconds.
  path: Assets/ScriptableAIGraph/ExampleScene/Enemy/EnemyBehaviour.asset
  artifactKey: Guid(cc678e0ede0d8214cb0ff7e0dd9353fc) Importer(815301076,1909f56bfc062723c751e8b465ee728b)
Start importing Assets/ScriptableAIGraph/ExampleScene/Enemy/EnemyBehaviour.asset using Guid(cc678e0ede0d8214cb0ff7e0dd9353fc) Importer(815301076,1909f56bfc062723c751e8b465ee728b)  -> (artifact id: '7a794978a40021cc31b8d361b0b0b1c5') in 0.003882 seconds
  Import took 0.009468 seconds .

AssetImportWorkerClient::OnTransportError - code=2 error=End of file
